<?xml version="1.0" encoding="UTF-8"?>
<!-- Generated by org.testng.reporters.JUnitReportReporter -->
<testsuite hostname="MURUGAN-6699" failures="0" tests="3" name="com.learning_TestNG.First_TestNG_Class" time="0.022" errors="0" timestamp="2024-07-11T17:42:28 IST" skipped="0">
  <testcase classname="com.learning_TestNG.First_TestNG_Class" name="loginTest" time="0.001"/>
  <system-out>
    <![CDATA[Executeing login Test Case]]>
  </system-out>
  <testcase classname="com.learning_TestNG.First_TestNG_Class" name="RegisterTest" time="0.019"/>
  <system-out>
    <![CDATA[Executeing Register Test Case]]>
  </system-out>
  <testcase classname="com.learning_TestNG.First_TestNG_Class" name="purchaseTest" time="0.002"/>
  <system-out>
    <![CDATA[Executeing Purchase Test Case]]>
  </system-out>
</testsuite> <!-- com.learning_TestNG.First_TestNG_Class -->
