<?xml version="1.0" encoding="UTF-8"?>
<!-- Generated by org.testng.reporters.JUnitReportReporter -->
<testsuite hostname="MURUGAN-6699" failures="0" tests="2" name="com.testScripts.Addcart_TestNG" time="31.594" errors="0" timestamp="2024-07-12T20:26:26 IST" skipped="0">
  <testcase classname="com.testScripts.Addcart_TestNG" name="RemoveCart" time="6.137"/>
  <system-out>
    <![CDATA[Cart Removed Sucessfully.............]]>
  </system-out>
  <testcase classname="com.testScripts.Addcart_TestNG" name="AddCart" time="25.457"/>
  <system-out>
    <![CDATA[Cart Sucessfully.............]]>
  </system-out>
</testsuite> <!-- com.testScripts.Addcart_TestNG -->
