<?xml version="1.0" encoding="UTF-8"?>
<!-- Generated by org.testng.reporters.JUnitReportReporter -->
<testsuite hostname="MURUGAN-6699" failures="0" tests="2" name="com.learning_TestNG.Addcart_TestNG" time="87.568" errors="0" timestamp="2024-07-11T21:01:03 IST" skipped="0">
  <testcase classname="com.learning_TestNG.Addcart_TestNG" name="AddCart" time="43.775"/>
  <system-out>
    <![CDATA[Cart Sucessfully.............]]>
  </system-out>
  <testcase classname="com.learning_TestNG.Addcart_TestNG" name="RemoveCart" time="43.793"/>
  <system-out>
    <![CDATA[Cart Removed Sucessfully.............]]>
  </system-out>
</testsuite> <!-- com.learning_TestNG.Addcart_TestNG -->
