<?xml version="1.0" encoding="UTF-8"?>
<!-- Generated by org.testng.reporters.JUnitReportReporter -->
<testsuite hostname="MURUGAN-6699" failures="0" tests="3" name="com.learning_TestNG.Depends_on_Methods_Attribute" time="0.025" errors="0" timestamp="2024-07-11T17:48:11 IST" skipped="0">
  <testcase classname="com.learning_TestNG.Depends_on_Methods_Attribute" name="RegisterTest" time="0.020"/>
  <system-out>
    <![CDATA[Executeing Register Test Case]]>
  </system-out>
  <testcase classname="com.learning_TestNG.Depends_on_Methods_Attribute" name="loginTest" time="0.003"/>
  <system-out>
    <![CDATA[Executeing login Test Case]]>
  </system-out>
  <testcase classname="com.learning_TestNG.Depends_on_Methods_Attribute" name="purchaseTest" time="0.002"/>
  <system-out>
    <![CDATA[Executeing Purchase Test Case]]>
  </system-out>
</testsuite> <!-- com.learning_TestNG.Depends_on_Methods_Attribute -->
