<?xml version="1.0" encoding="UTF-8"?>
<!-- Generated by org.testng.reporters.JUnitReportReporter -->
<testsuite hostname="MURUGAN-6699" failures="0" tests="5" name="com.learning_TestNG.Invocation_count_Attribute" time="115.658" errors="0" timestamp="2024-07-11T18:14:45 IST" skipped="0">
  <testcase classname="com.learning_TestNG.Invocation_count_Attribute" name="loginToDwsTest" time="21.786"/>
  <system-out>
    <![CDATA[User Login Sucessfully.......]]>
  </system-out>
  <testcase classname="com.learning_TestNG.Invocation_count_Attribute" name="loginToDwsTest" time="22.290"/>
  <system-out>
    <![CDATA[User Login Sucessfully.......]]>
  </system-out>
  <testcase classname="com.learning_TestNG.Invocation_count_Attribute" name="loginToDwsTest" time="21.372"/>
  <system-out>
    <![CDATA[User Login Sucessfully.......]]>
  </system-out>
  <testcase classname="com.learning_TestNG.Invocation_count_Attribute" name="loginToDwsTest" time="27.398"/>
  <system-out>
    <![CDATA[User Login Sucessfully.......]]>
  </system-out>
  <testcase classname="com.learning_TestNG.Invocation_count_Attribute" name="loginToDwsTest" time="22.812"/>
  <system-out>
    <![CDATA[User Login Sucessfully.......]]>
  </system-out>
</testsuite> <!-- com.learning_TestNG.Invocation_count_Attribute -->
