<?xml version="1.0" encoding="UTF-8"?>
<!-- Generated by org.testng.reporters.JUnitReportReporter -->
<testsuite hostname="MURUGAN-6699" failures="0" tests="2" name="com.learning_TestNG.Learning_Configuration_Annotations" time="0.041" errors="0" timestamp="2024-07-12T17:26:23 IST" skipped="0">
  <testcase classname="com.learning_TestNG.Learning_Configuration_Annotations" name="Removecart" time="0.018"/>
  <system-out>
    <![CDATA[Execute Remove From Cart Test......]]>
  </system-out>
  <testcase classname="com.learning_TestNG.Learning_Configuration_Annotations" name="Addtocart" time="0.023"/>
  <system-out>
    <![CDATA[Execute Add To Cart Test......]]>
  </system-out>
</testsuite> <!-- com.learning_TestNG.Learning_Configuration_Annotations -->
