<?xml version="1.0" encoding="UTF-8"?>
<!-- Generated by org.testng.reporters.JUnitReportReporter -->
<testsuite hostname="MURUGAN-6699" failures="0" tests="3" name="com.learning_TestNG.Priority_Attribute" time="0.026" errors="0" timestamp="2024-07-11T17:43:10 IST" skipped="0">
  <testcase classname="com.learning_TestNG.Priority_Attribute" name="RegisterTest" time="0.020"/>
  <system-out>
    <![CDATA[Executeing Register Test Case]]>
  </system-out>
  <testcase classname="com.learning_TestNG.Priority_Attribute" name="loginTest" time="0.002"/>
  <system-out>
    <![CDATA[Executeing login Test Case]]>
  </system-out>
  <testcase classname="com.learning_TestNG.Priority_Attribute" name="purchaseTest" time="0.004"/>
  <system-out>
    <![CDATA[Executeing Purchase Test Case]]>
  </system-out>
</testsuite> <!-- com.learning_TestNG.Priority_Attribute -->
