<?xml version="1.0" encoding="UTF-8"?>
<!-- Generated by org.testng.reporters.JUnitReportReporter -->
<testsuite hostname="MURUGAN-6699" failures="0" tests="2" name="com.learning_TestNG.AddressTest" time="68.914" errors="0" timestamp="2024-07-12T16:53:03 IST" skipped="0">
  <testcase classname="com.learning_TestNG.AddressTest" name="DeleteAddress" time="40.120"/>
  <system-out>
    <![CDATA[Address Removed Sucessfully............]]>
  </system-out>
  <testcase classname="com.learning_TestNG.AddressTest" name="AddAddress" time="28.794"/>
  <system-out>
    <![CDATA[Address Add Sucessfully............]]>
  </system-out>
</testsuite> <!-- com.learning_TestNG.AddressTest -->
