<?xml version="1.0" encoding="UTF-8"?>
<!-- Generated by org.testng.reporters.JUnitReportReporter -->
<testsuite hostname="MURUGAN-6699" failures="0" tests="3" name="com.learning_TestNG.Enabled_Attribute" time="0.021" errors="0" timestamp="2024-07-11T17:45:03 IST" skipped="1">
  <testcase classname="com.learning_TestNG.Enabled_Attribute" name="loginTest" time="0.019"/>
  <system-out>
    <![CDATA[Executeing login Test Case]]>
  </system-out>
  <testcase classname="com.learning_TestNG.Enabled_Attribute" name="purchaseTest" time="0.002"/>
  <system-out>
    <![CDATA[Executeing Purchase Test Case]]>
  </system-out>
  <testcase classname="com.learning_TestNG.Enabled_Attribute" name="RegisterTest">
    <skipped/>
  </testcase> <!-- RegisterTest -->
  <system-out/>
</testsuite> <!-- com.learning_TestNG.Enabled_Attribute -->
