<?xml version="1.0" encoding="UTF-8"?>
<!-- Generated by org.testng.reporters.JUnitReportReporter -->
<testsuite hostname="MURUGAN-6699" failures="0" tests="10" name="com.learning_TestNG.Thread_Pool_Size_Attribute" time="982.643" errors="0" timestamp="2024-07-11T18:19:28 IST" skipped="0">
  <testcase classname="com.learning_TestNG.Thread_Pool_Size_Attribute" name="loginToDwsTest" time="92.909"/>
  <system-out>
    <![CDATA[User Login Sucessfully.......]]>
  </system-out>
  <testcase classname="com.learning_TestNG.Thread_Pool_Size_Attribute" name="loginToDwsTest" time="109.418"/>
  <system-out>
    <![CDATA[User Login Sucessfully.......]]>
  </system-out>
  <testcase classname="com.learning_TestNG.Thread_Pool_Size_Attribute" name="loginToDwsTest" time="81.014"/>
  <system-out>
    <![CDATA[User Login Sucessfully.......]]>
  </system-out>
  <testcase classname="com.learning_TestNG.Thread_Pool_Size_Attribute" name="loginToDwsTest" time="97.168"/>
  <system-out>
    <![CDATA[User Login Sucessfully.......]]>
  </system-out>
  <testcase classname="com.learning_TestNG.Thread_Pool_Size_Attribute" name="loginToDwsTest" time="98.478"/>
  <system-out>
    <![CDATA[User Login Sucessfully.......]]>
  </system-out>
  <testcase classname="com.learning_TestNG.Thread_Pool_Size_Attribute" name="loginToDwsTest" time="96.077"/>
  <system-out>
    <![CDATA[User Login Sucessfully.......]]>
  </system-out>
  <testcase classname="com.learning_TestNG.Thread_Pool_Size_Attribute" name="loginToDwsTest" time="114.761"/>
  <system-out>
    <![CDATA[User Login Sucessfully.......]]>
  </system-out>
  <testcase classname="com.learning_TestNG.Thread_Pool_Size_Attribute" name="loginToDwsTest" time="94.545"/>
  <system-out>
    <![CDATA[User Login Sucessfully.......]]>
  </system-out>
  <testcase classname="com.learning_TestNG.Thread_Pool_Size_Attribute" name="loginToDwsTest" time="113.995"/>
  <system-out>
    <![CDATA[User Login Sucessfully.......]]>
  </system-out>
  <testcase classname="com.learning_TestNG.Thread_Pool_Size_Attribute" name="loginToDwsTest" time="84.278"/>
  <system-out>
    <![CDATA[User Login Sucessfully.......]]>
  </system-out>
</testsuite> <!-- com.learning_TestNG.Thread_Pool_Size_Attribute -->
